<?xml version="1.0" encoding="UTF-8"?>
<beans xmlns="http://www.springframework.org/schema/beans"
       xmlns:xsi="http://www.w3.org/2001/XMLSchema-instance"
       xmlns:context="http://www.springframework.org/schema/context"
       xmlns:mvc="http://www.springframework.org/schema/mvc"
       xsi:schemaLocation="http://www.springframework.org/schema/beans http://www.springframework.org/schema/beans/spring-beans.xsd http://www.springframework.org/schema/context http://www.springframework.org/schema/context/spring-context.xsd http://www.springframework.org/schema/mvc http://www.springframework.org/schema/mvc/spring-mvc.xsd">

    <context:component-scan base-package="com.azlan.weatherApp"></context:component-scan>
    <mvc:annotation-driven></mvc:annotation-driven>

    <!--<bean id="helloWorldRestController" class="com.azlan.test.controller.HelloWorldRestController"></bean>-->
    <!--<bean id="viewResolver" class="org.springframework.web.servlet.view.InternalResourceViewResolver">-->
    <!--<property name="prefix" value="/WEB-INF/views"></property>-->
    <!--<property name="suffix" value=".jsp"></property>-->
    <!--</bean>-->
    <!--<mvc:resources mapping="/resources/**" location="/resources/" />-->
    <context:property-placeholder location="classpath:properties/cityProperties.properties"></context:property-placeholder>

    <!--<bean id="cityDetails" class="com.azlan.weatherApp.model.City">-->
        <!--<property name="country" value="${weatherApp.country}"/>-->
        <!--<property name="city" value="${weatherApp.city}"/>-->
    <!--</bean>-->

    <!--<bean id="cityProperties"-->
          <!--class="org.springframework.beans.factory.config.PropertyPlaceholderConfigurer">-->
        <!--<property name="locations">-->
            <!--<list>-->
                <!--<value>classpath:properties/cityProperties.properties</value>-->
            <!--</list>-->
        <!--</property>-->
    <!--</bean>-->

    <!--<bean id="city" class="com.azlan.weatherApp.model.City">-->
        <!--<constructor-arg value="${weatherApp.country}" name="country"></constructor-arg>-->
        <!--<constructor-arg value="${weatherApp.city}" name="city"></constructor-arg>-->
    <!--</bean>-->

</beans>